Setting up environment for new Sun compilers etc. ...
  done.
SDE overnight job on machine scorpio
Wed Mar 19 01:00:02 MST 2003
+ mv /home/estella/sde/tarfiles/sdetar.d.Z /home/estella/sde/tarfiles/sdetar.y.Z
mv: cannot access /home/estella/sde/tarfiles/sdetar.d.Z
+ sdetar sdetar.d
Writing unix sde to sdetar.d
+ compress sdetar.d
+ cp sdetar.d.Z /home/estella/sde/tarfiles/sdetar.d.Z
cp: cannot create /home/estella/sde/tarfiles/sdetar.d.Z: Permission denied
+ /bin/rm -f sdetar.d.Z
+ cd /home/zia/sde/source
+ etags arr/arr1dplt.f arr/arr2dplt.f arr/arr3corr.f arr/arrabs.f arr/arrabshi.f arr/arradd.f arr/arrairb1.f arr/arrairbv.f arr/arrairv.f arr/arrairv1.f arr/arrairy.f arr/arrairy1.f arr/arrairyb.f arr/arrairyv.f arr/arralvar.f arr/arranplt.f arr/arrap2x.f arr/arrbhash.f arr/arrbsch.f arr/arrbxcar.f arr/arrcat.f arr/arrcdiv.f arr/arrcentr.f arr/arrcinv.f arr/arrclip.f arr/arrclip2.f arr/arrclp2z.f arr/arrcmult.f arr/arrconj.f arr/arrcopy.f arr/arrcppl.f arr/arrcs.f arr/arrcvtd.f arr/arrcvtr.f arr/arrcvtx.f arr/arrdeman.f arr/arrdescat.f arr/arrdiv.f arr/arrdplan.f arr/arrdtape.f arr/arrdump.f arr/arredit.f arr/arreq.f arr/arrequal.f arr/arrexp.f arr/arrexpan.f arr/arrfftr.f arr/arrfftx.f arr/arrflag.f arr/arrflim.f arr/arrg2l.f arr/arrgauss.f arr/arrgpb.f arr/arrgsp.f arr/arrgtape.f arr/arrgvp.f arr/arrhermi.f arr/arrhist.f arr/arrillum.f arr/arrimag.f arr/arrindx.f arr/arrinser.f arr/arrinv.f arr/arrisama.f arr/arrl2g.f arr/arrlc.f arr/arrlen.f arr/arrlist.f arr/arrlist2.f arr/arrlog.f arr/arrlog10.f arr/arrmask.f arr/arrmbmat.f arr/arrmedia.f arr/arrminma.f arr/arrmode.f arr/arrmpow.f arr/arrmpowa.f arr/arrmult.f arr/arrnbox.f arr/arrnbox2.f arr/arrnbox3.f arr/arrnint.f arr/arrnpix.f arr/arrnpos.f arr/arrnsprt.f arr/arrpbmod.f arr/arrpc2x.f arr/arrpggrf.f arr/arrphase.f arr/arrpoiss.f arr/arrpower.f arr/arrpread.f arr/arrprint.f arr/arrpro.f arr/arrprob.f arr/arrpwrit.f arr/arrqu2x.f arr/arrrave.f arr/arrraveb.f arr/arrrdcle.f arr/arrrdclp.f arr/arrrdmrg.f arr/arrreal.f arr/arrri2ap.f arr/arrrmean.f arr/arrrms.f arr/arrrrms.f arr/arrrshft.f arr/arrrsym.f arr/arrrvalu.f arr/arrscale.f arr/arrscat.f arr/arrscopy.f arr/arrsd2ms.f arr/arrsel.f arr/arrsetav.f arr/arrsetco.f arr/arrsffit.f arr/arrshado.f arr/arrsign.f arr/arrsinc.f arr/arrsoflx.f arr/arrsopos.f arr/arrsort.f arr/arrsqrt.f arr/arrstack.f arr/arrstat.f arr/arrsubse.f arr/arrsubtr.f arr/arrsum.f arr/arrsvedt.f arr/arruscpy.f arr/arruvplt.f arr/arrvlapb.f arr/arrvlbap.f arr/arrwchis.f arr/arrwiene.f arr/arrx2ap.f arr/arrx2pc.f arr/arrx2qu.f arr/arrxlc.f arr/arrxrot.f cal/calantpo.f cal/calantso.f cal/calcf.f cal/calcfpix.f cal/calcfplo.f cal/calcorpi.f cal/calgblso.f cal/callist.f cal/calplot.f cal/calsf.f cal/calsflip.f cal/calsflis.f cal/calsfpix.f cal/calsfplo.f cal/calsfplp.f crd/crdae2rd.f crd/crdarc.f crd/crdatmpo.f crd/crdatmsh.f crd/crdc2gal.f crd/crdcheck.f crd/crdchkig.f crd/crdclbox.f crd/crdcopy.f crd/crdd2rd.f crd/crddel.f crd/crddptow.f crd/crddwtop.f crd/crdexist.f crd/crdgal2c.f crd/crdgdec.f crd/crdget.f crd/crdgfreq.f crd/crdgra.f crd/crdhalf.f crd/crdinarc.f crd/crdinsin.f crd/crdlisrd.f crd/crdlist.f crd/crdnhalf.f crd/crdnull.f crd/crdpread.f crd/crdprec.f crd/crdptow.f crd/crdput.f crd/crdpwrit.f crd/crdrd2ae.f crd/crdrd2d.f crd/crdrget.f crd/crdrnax.f crd/crdrnaxm.f crd/crdrp2pc.f crd/crdrpcen.f crd/crdshbox.f crd/crdshift.f crd/crdsin.f crd/crdtidy.f crd/crdwtop.f fft/fft12rx.f fft/fft12xr.f fft/fft12xx.f fft/fft1rx.f fft/fft1xr.f fft/fft1xx.f fft/fft2rx.f fft/fftconj.f fft/fftconja.f fft/fftconjx.f fft/fftf2.f fft/fftf235.f fft/fftpack.f fft/fftpwr2.f fft/fftr.f fft/fftr1d.f fft/fftr1d2.f fft/fftr2d.f fft/fftr3d.f fft/fftrnp2.f fft/fftv2.f fft/fftvistp.f fft/fftx.f fft/fftx1d.f fft/fftx1d2.f fft/fftx2d.f fft/fftx2rkl.f fft/fftxnp2.f fil/filalvge.f fil/filalvpu.f fil/filarrpu.f fil/filav2pu.f fil/filbemge.f fil/filccpu.f fil/filclose.f fil/fildel.f fil/filenvpu.f fil/filexlge.f fil/filexlpu.f fil/filexltg.f fil/filgetan.f fil/filgetmo.f fil/filgetms.f fil/filgetn.f fil/filgfmge.f fil/filgfmpu.f fil/filgrpge.f fil/filgrppu.f fil/filgrpre.f fil/filimgge.f fil/filimgpu.f fil/filimgre.f fil/filimgwr.f fil/filimgxp.f fil/filimhge.f fil/filimmge.f fil/filimmpu.f fil/filmasge.f fil/filopen.f fil/filparse.f fil/filpgmge.f fil/filpgmpu.f fil/filputan.f fil/filputmo.f fil/filputn.f fil/filputpf.f fil/filrenam.f fil/filrmspu.f fil/filsmoge.f fil/filsmopu.f fil/filsyscl.f fil/filsysex.f fil/filsysop.f fil/filsysrt.f fil/filtblsr.f fil/filtblsw.f fil/filtrkge.f fly/flyccimg.f fly/flyclean.f fly/flymodel.f fly/flyneigh.f fly/flysscal.f fly/flystr.f fly/flytovis.f fts/ftiiniti.f fts/ftiparsi.f fts/ftiparso.f fts/ftireadt.f fts/ftiwrite.f fts/ftsclose.f fts/ftsfndsc.f fts/ftsgrpre.f fts/ftsgrpwr.f fts/ftsimgre.f fts/ftsimgwr.f fts/ftsopen.f fts/ftsreadh.f fts/ftstblre.f fts/ftstblsk.f fts/ftstblsr.f fts/ftstblsw.f fts/ftstblwr.f fts/ftswrith.f gai/gaiapplp.f gai/gaiapply.f gai/gailist.f gai/gailistp.f gai/gaitranp.f gai/gaitrans.f grd/grd2d.f grd/grdccf.f grd/grdcf.f grd/grddeh23.f grd/grddeh2d.f grd/grdeusiz.f grd/grdeusz0.f grd/grdh1d.f grd/grdh23d.f grd/grdh2d.f grd/grdh3d.f grd/grdif.f grd/grdqh23d.f grd/grdqh2d.f grd/grdqh3d.f grd/grdqnh2d.f grd/grdqr2d.f grd/grdr1d.f grd/grdr2d.f grd/grdruw2d.f grd/grdruwt.f grd/grdsf.f grd/grdsze.f grd/grduruw2.f grd/grduruw2a.f grd/grduruw2b.f grd/grduruwt.f grd/grduwt.f grd/grduwt2d.f grd/grduwt3d.f hed/hed.f hed/hedacopy.f hed/hedbemge.f hed/hedbempu.f hed/hedgetpb.f hed/hedsetob.f his/his.f img/img2jy.f img/img3ft.f img/img3ft2.f img/img3ft3.f img/imgannot.f img/imgatmak.f img/imgbmcmp.f img/imgbmshp.f img/imgccimg.f img/imgcclea.f img/imgclean.f img/imgclis.f img/imgclone.f img/imgcolla.f img/imgcontr.f img/imgconv.f img/imgconv0.f img/imgcorr.f img/imgcube.f img/imgcurv.f img/imgdesph.f img/imgdft.f img/imgdft2d.f img/imgdft3d.f img/imgdfte2.f img/imgdftp2.f img/imgdftpb.f img/imgdftpe.f img/imgdfts2.f img/imgdftv2.f img/imgdftvp.f img/imgdoub2.f img/imgdoubl.f img/imgfft.f img/imgfitto.f img/imgfndsd.f img/imggridc.f img/imggsfit.f img/imggsp.f img/imghermi.f img/imghgeom.f img/imgidelt.f img/imgim2mo.f img/imgimag.f img/imgimval.f img/imginls.f img/imgk2p.f img/imgldec.f img/imglink.f img/imglucy.f img/imgmake.f img/imgmake0.f img/imgmakex.f img/imgmodel.f img/imgmpcln.f img/imgmschk.f img/imgmspsf.f img/imgnncl1.f img/imgnncln.f img/imgnwin.f img/imgomake.f img/imgp2pb.f img/imgpad.f img/imgpb.f img/imgpb2p.f img/imgpbav2.f img/imgpbave.f img/imgpbclp.f img/imgpbmin.f img/imgpcan2.f img/imgpcann.f img/imgpoint.f img/imgpowf.f img/imgpowfa.f img/imgrave.f img/imgraveb.f img/imgreal.f img/imgresid.f img/imgrmean.f img/imgsaoms.f img/imgsdicl.f img/imgshft.f img/imgslice.f img/imgsmoot.f img/imgsolro.f img/imgsph.f img/imgstrim.f img/imgsubps.f img/imgsubse.f img/imgsvdc1.f img/imgsvdc2.f img/imgsvdcl.f img/imgtovis.f img/imgtvd.f img/imgtype.f img/imgunsmo.f img/imgwin.f img/imgxrenv.f ipc/dly2indx.f ipc/indx2dly.f ipc/ipcacorr.f ipc/ipcatmt.f ipc/ipcloc.f ipc/ipcmkcm.f ipc/ipcmkfr.f ipc/ipcnxtdl.f ipc/ipcnxtfr.f ipc/ipcprob.f ipc/ipcprobs.f ipc/ipcratm.f ipc/ipcsfig.f ipc/ipcsfrlu.f ipc/ipcsfrmv.f ipc/ipcsget.f ipc/ipcsput.f ipc/ipcssort.f ipc/ipcstype.f ipc/ipcstypep.f ipc/ipctbck.f ipc/ipcvit.f ipc/ipcvla.f ipc/ipcwave.f ipc/ipcwin.f mat/matcindx.f mat/matclean.f mat/matdiag.f mat/matflip.f mat/matimhdr.f mat/matinv.f mat/matldp.f mat/matmem.f mat/matmult.f mat/matnnls.f mat/matsvbks.f mat/matsvd.f mat/mattrans.f mem/maw.f mem/mem.f mem/mew.f mem/mum.f mem/muw.f mem/mwd.f mod/moddconv.f mod/modimg.f mod/modimg1d.f mod/modimg1p.f mod/modimg2d.f mod/modimgp.f mod/modlist.f mod/modrotat.f mod/modscale.f mod/modsi2st.f mod/modsmo.f mod/modvis.f mod/modvis2d.f pix/pix1dgxt.f pix/pix1dpxt.f pix/pix1drcl.f pix/pix1drma.f pix/pix2dcur.f pix/pix2dgrt.f pix/pix2dgxt.f pix/pix2dpxa.f pix/pix2dpxt.f pix/pix2drcc.f pix/pix2drcl.f pix/pix2drli.f pix/pix2drma.f pix/pix2drmo.f pix/pix2drmw.f pix/pix2drn1.f pix/pix2drnc.f pix/pix2drrs.f pix/pix2drtb.f pix/pix2drts.f pix/pix2drxl.f pix/pix2dslr.f pix/pix2dxdt.f pix/pix2dxmr.f pix/pix2dxwi.f pix/pix2ffit.f pix/pix2fsub.f pix/pix2hgeo.f pix/pix2rmcl.f pix/pix2sfit.f pix/pix2ssub.f pix/pix3drcc.f pix/pix3drcl.f pix/pix3drli.f pix/pix3drma.f pix/pix3drmw.f pix/pix3dxgt.f pix/pix3hgeo.f pix/pixairbv.f pix/pixairv.f pix/pixairy.f pix/pixairyb.f pix/pixairyv.f pix/pixalvar.f pix/pixap2x.f pix/pixblint.f pix/pixbmsh1.f pix/pixbmshp.f pix/pixbmshx.f pix/pixbs2d.f pix/pixccopy.f pix/pixcentr.f pix/pixclean.f pix/pixclis1.f pix/pixclis2.f pix/pixclis3.f pix/pixclprm.f pix/pixcolla.f pix/pixconj.f pix/pixcor1d.f pix/pixcor2d.f pix/pixcor3d.f pix/pixcorx2.f pix/pixcrdiv.f pix/pixcrinv.f pix/pixcs.f pix/pixcsetc.f pix/pixcxdiv.f pix/pixcxinv.f pix/pixcxmul.f pix/pixdadd.f pix/pixdbsch.f pix/pixdcopy.f pix/pixddiv.f pix/pixddscat.f pix/pixdeman.f pix/pixdeq.f pix/pixdesph.f pix/pixdindx.f pix/pixdinse.f pix/pixdlc.f pix/pixdlis1.f pix/pixdlis2.f pix/pixdmb1d.f pix/pixdmb2d.f pix/pixdmult.f pix/pixdplan.f pix/pixdprin.f pix/pixdrcpy.f pix/pixdrfbx.f pix/pixdrfel.f pix/pixdrfpl.f pix/pixdrpnt.f pix/pixdscal.f pix/pixdscpy.f pix/pixdsetc.f pix/pixdsign.f pix/pixdstat.f pix/pixdsubs.f pix/pixdsubt.f pix/pixdsum.f pix/pixflim.f pix/pixgpb.f pix/pixgsfit.f pix/pixgvp.f pix/pixiadd.f pix/pixibsch.f pix/pixicopy.f pix/pixidiv.f pix/pixidscat.f pix/pixiindx.f pix/pixiinse.f pix/pixilis1.f pix/pixilis2.f pix/piximag.f pix/piximult.f pix/pixinear.f pix/pixiprin.f pix/pixircpy.f pix/pixireal.f pix/pixisama.f pix/pixiscat.f pix/pixiscpy.f pix/pixisel.f pix/pixisetc.f pix/pixisign.f pix/pixisubt.f pix/pixlcopy.f pix/pixlfact.f pix/pixlindx.f pix/pixlint.f pix/pixmdiff.f pix/pixnant.f pix/pixnbox.f pix/pixnbox2.f pix/pixnbox3.f pix/pixpb2d.f pix/pixpb2dv.f pix/pixpbcor.f pix/pixpbmod.f pix/pixpbrad.f pix/pixpc2x.f pix/pixpggrf.f pix/pixpghis.f pix/pixphase.f pix/pixphfix.f pix/pixqu2x.f pix/pixr2x.f pix/pixrabs.f pix/pixrabsh.f pix/pixradd.f pix/pixrasl2.f pix/pixrbhsh.f pix/pixrbsch.f pix/pixrbxcr.f pix/pixrcl2z.f pix/pixrclip.f pix/pixrclp2.f pix/pixrcopy.f pix/pixrcorr.f pix/pixrcr.f pix/pixrdcpy.f pix/pixrdiv.f pix/pixrdp.f pix/pixrdscat.f pix/pixreal.f pix/pixredit.f pix/pixreq.f pix/pixrequa.f pix/pixrexp.f pix/pixrexts.f pix/pixrflag.f pix/pixrgaus.f pix/pixrgsp.f pix/pixrgv2d.f pix/pixrherm.f pix/pixrhist.f pix/pixrhistp.f pix/pixri2ap.f pix/pixrindx.f pix/pixrinse.f pix/pixrinv.f pix/pixrlc.f pix/pixrlis1.f pix/pixrlis2.f pix/pixrlog.f pix/pixrmask.f pix/pixrmax.f pix/pixrmb1d.f pix/pixrmb2d.f pix/pixrmin.f pix/pixrminm.f pix/pixrmode.f pix/pixrmult.f pix/pixrnear.f pix/pixrnint.f pix/pixrpad.f pix/pixrpixv.f pix/pixrpois.f pix/pixrpowe.f pix/pixrprin.f pix/pixrprob.f pix/pixrpsdf.f pix/pixrrdce.f pix/pixrrdcl.f pix/pixrrms.f pix/pixrrrms.f pix/pixrscal.f pix/pixrscat.f pix/pixrscpy.f pix/pixrsel.f pix/pixrseta.f pix/pixrsetc.f pix/pixrshad.f pix/pixrsign.f pix/pixrsl2d.f pix/pixrsqrt.f pix/pixrstat.f pix/pixrsubs.f pix/pixrsubt.f pix/pixrsum.f pix/pixrsym.f pix/pixrunwr.f pix/pixruscp.f pix/pixrvali.f pix/pixrvalu.f pix/pixrwchi.f pix/pixrxexp.f pix/pixrzave.f pix/pixsaoscl.f pix/pixsinc.f pix/pixsinci.f pix/pixslis1.f pix/pixsoflx.f pix/pixsopos.f pix/pixsph.f pix/pixsrgrd.f pix/pixvisxl.f pix/pixvlapb.f pix/pixvlbap.f pix/pixx2ap.f pix/pixx2pc.f pix/pixx2qu.f pix/pixxabs.f pix/pixxadd.f pix/pixxamp2.f pix/pixxbxcr.f pix/pixxcopy.f pix/pixxcor1.f pix/pixxdiv.f pix/pixxdscat.f pix/pixxeq.f pix/pixxexp.f pix/pixxherm.f pix/pixxindx.f pix/pixxinse.f pix/pixxlc.f pix/pixxlis1.f pix/pixxlis2.f pix/pixxmult.f pix/pixxnear.f pix/pixxpad.f pix/pixxprin.f pix/pixxrcpy.f pix/pixxrdcl.f pix/pixxreal.f pix/pixxscal.f pix/pixxscpy.f pix/pixxsel.f pix/pixxsetc.f pix/pixxsta2.f pix/pixxstat.f pix/pixxsubs.f pix/pixxsubt.f pix/pixxwchi.f pix/pixxxlc.f plt/plt1dpts.f plt/plt2dpts.f plt/pltanpts.f plt/pltdpts.f plt/pltphrms.f plt/pltscatt.f plt/pltuvpts.f pvm/arrfftrh.f pvm/flytovish.f pvm/imghgeomh.f pvm/vistoimgh.f sid/sidgrid.f sid/sidsdp.f sid/sidtoimg.f sim/fred.f sim/simaerd.f sim/simpe.f sim/simtrp.f sim/simuv.f tip/tip1plt.f tip/tipadd.f tip/tipbin.f tip/tipcalac.f tip/tipcalav.f tip/tipcalsf.f tip/tipcomme.f tip/tipcumpl.f tip/tipdel.f tip/tipedfix.f tip/tipedit.f tip/tiprange.f tip/tipread.f tip/tiprenam.f tip/tipsfav.f tip/tipstat.f tip/tiptplt.f tip/tipwrite.f trp/trpcaln.f trp/trpcat.f trp/trpclone.f trp/trpget.f trp/trplist.f trp/trplistp.f trp/trpput.f trp/trpsolve.f trp/trptovis.f trp/trptvisp.f utl/lawson.f utl/mrqmin2.f utl/pgvcport.f utl/quinat.f utl/quindf.f utl/quineq.f utl/rand.f utl/sla.f utl/svdsolv.f utl/utl2sort.f utl/utlbess.f utl/utlcsort.f utl/utld2mjd.f utl/utld3mjd.f utl/utldhsrt.f utl/utlerand.f utl/utlftqdr.f utl/utlg2l.f utl/utlg2v.f utl/utlgconv.f utl/utlgint.f utl/utlgrand.f utl/utlisort.f utl/utll2g.f utl/utllint.f utl/utlmjd2d.f utl/utlpoiss.f utl/utlq2el.f utl/utlquadf.f utl/utlran0.f utl/utlrand.f utl/utlrhsrt.f utl/utlrintp.f utl/utlrmed.f utl/utlrsort.f utl/utlttod.f utl/utlv2g.f vis/vis2img2.f vis/visantpo.f vis/visantpp.f vis/visarrll.f vis/visatf.f vis/visatmop.f vis/visatmos.f vis/visav.f vis/visavp0.f vis/visavp1.f vis/visavp2.f vis/visavp3.f vis/visblcop.f vis/visblcor.f vis/viscal.f vis/viscalpi.f vis/viscat.f vis/vischisq.f vis/vischsqp.f vis/visclip.f vis/visclipp.f vis/visclone.f vis/visconv2.f vis/visconvp.f vis/visconvs.f vis/viscorrp.f vis/viscorru.f vis/visdecal.f vis/visdecap.f vis/visdegri.f vis/visdet.f vis/visdetp.f vis/visdft.f vis/visdft3d.f vis/visdfte2.f vis/visdftp2.f vis/visdftpb.f vis/visdftpe.f vis/visdfts2.f vis/visdts.f vis/visedit.f vis/viseditp.f vis/visedits.f vis/visexlpu.f vis/visflagv.f vis/visfsel.f vis/visfselp.f vis/visget.f vis/visgrid.f vis/visgtint.f vis/visgtip.f vis/visimgmp.f vis/visimgmt.f vis/vislisbp.f vis/vislistb.f vis/vislistp.f vis/vislistt.f vis/vismake.f vis/vismosge.f vis/vismospu.f vis/vismxant.f vis/visnant.f vis/visnorm.f vis/visnormp.f vis/vispave.f vis/vispavep.f vis/visphrmp.f vis/visphrms.f vis/vispoinp.f vis/vispoint.f vis/vispolr.f vis/vispolrp.f vis/visput.f vis/visreorg.f vis/visrgrid.f vis/visriplt.f vis/visrlrot.f vis/visrrwt.f vis/visrrwtp.f vis/visrvar.f vis/visrvarp.f vis/visrwt.f vis/visrwtdt.f vis/visrwtp.f vis/visscal.f vis/visscalp.f vis/vissclon.f vis/visscopy.f vis/vissd.f vis/vissdif.f vis/vissdifp.f vis/vissdp.f vis/visseawp.f vis/vissel.f vis/visself.f vis/visselpi.f vis/vissetaw.f vis/visshifp.f vis/visshift.f vis/vissigma.f vis/vissigmp.f vis/vissta0p.f vis/vissta1p.f vis/visstat0.f vis/visstat1.f vis/visstd.f vis/vissub.f vis/vistapep.f vis/vistaper.f vis/vistoimg.f vis/vistotrp.f vis/vistpl.f vis/vistplp.f vis/vistrp.f vis/vistrppi.f vis/visttrpp.f vis/visvec.f vis/visvecp.f vsd/vsdaget.f vsd/vsdaput.f vsd/vsdchisq.f vsd/vsdcorr.f vsd/vsdcorrp.f vsd/vsddiff.f vsd/vsdget.f vsd/vsdintr.f vsd/vsdintrp.f vsd/vsdput.f vsd/vsdrotat.f vsd/vsdsolv.f vsd/vsdsolvp.f vsd/vsdstat2.f vsd/vsdstat3.f vsd/vsdstat4.f vsd/vsdtplot.f main/dat.f main/err.f main/filexist.f main/his.f main/msg.f main/str.f main/sys.f main/tskieee.f main/tskintha.f main/txt.f main/usr.f start/start.f
+ cd
+ cleanup
/home/zia/sde/scratch
rm: /home/zia/sde/scratch is a directory
+ COMMAND=. /home/zia/sde/.env;purgebin +30;sdeupdate;makeshadows
+ setup_compilers
+ purgebin +30
Will purge all task binaries older than +30 days
+ sdeupdate
Updating sde for machine SUN5 at Wed Mar 19 01:03:13 MST 2003
Update of sde libraries and executables
Checking directory arr
Checking directory cal
Checking directory crd
Checking directory fft
Checking directory fil
Checking directory fly
Checking directory fts
Checking directory gai
Checking directory grd
Checking directory hed
Checking directory his
Checking directory img
Checking directory ipc
Checking directory main
Checking directory mat
Checking directory mem
Checking directory mod
Checking directory pix
Checking directory plt
Checking directory pvm
Checking directory sid
Checking directory sim
Checking directory tip
Checking directory trp
Checking directory utl
Checking directory vis
Checking directory vsd
Assembling list of servers to be compiled and relinked
Only choose those for which an executable already exists
/home/zia/sde/bin/unix/sdeupdate.servers: /home/zia/sde/pvm/SUN5: does not exist
Tasks up to date
Assembling list of tasks to be compiled and relinked
Only choose those for which an executable already exists
Tasks up to date
+ makeshadows
