This is TeX, C Version 3.14t3 (format=lplain 93.1.6)  22 DEC 1994 18:46
**29954_images.tex
(29954_images.tex
LaTeX Version 2.09 <7 Dec 1989>

(/usr/local/lib/tex/inputs/article.sty
Document Style `article' <16 Mar 88>.
(/usr/local/lib/tex/inputs/art11.sty)
\c@part=\count79
\c@section=\count80
\c@subsection=\count81
\c@subsubsection=\count82
\c@paragraph=\count83
\c@subparagraph=\count84
\c@figure=\count85
\c@table=\count86
)
No file 29954_images.aux.
[1


] [2

] (29954_images.aux) ) 
Here is how much of TeX's memory you used:
 146 strings out of 4463
 1460 string characters out of 63242
 27151 words of memory out of 262141
 2100 multiletter control sequences out of 9500
 18996 words of font info for 72 fonts, out of 72000 for 255
 14 hyphenation exceptions out of 607
 12i,4n,15p,165b,110s stack positions out of 300i,40n,60p,3000b,4000s

Output written on 29954_images.dvi (2 pages, 2028 bytes).
